This is pdfTeX, Version 3.141592653-2.6-1.40.22 (MiKTeX 21.6) (preloaded format=pdflatex 2021.9.18)  28 MAR 2023 00:09
entering extended mode
**./report1.tex
(report1.tex
LaTeX2e <2021-06-01>
L3 programming layer <2021-06-01>
(C:\Users\Acer\AppData\Local\Programs\MiKTeX\tex/latex/base\article.cls
Document Class: article 2021/02/12 v1.4n Standard LaTeX document class
(C:\Users\Acer\AppData\Local\Programs\MiKTeX\tex/latex/base\size10.clo
File: size10.clo 2021/02/12 v1.4n Standard LaTeX file (size option)
)
\c@part=\count182
\c@section=\count183
\c@subsection=\count184
\c@subsubsection=\count185
\c@paragraph=\count186
\c@subparagraph=\count187
\c@figure=\count188
\c@table=\count189
\abovecaptionskip=\skip47
\belowcaptionskip=\skip48
\bibindent=\dimen138
)
(preamble.tex
(C:\Users\Acer\AppData\Local\Programs\MiKTeX\tex/latex/graphics\graphicx.sty
Package: graphicx 2020/12/05 v1.2c Enhanced LaTeX Graphics (DPC,SPQR)

(C:\Users\Acer\AppData\Local\Programs\MiKTeX\tex/latex/graphics\keyval.sty
Package: keyval 2014/10/28 v1.15 key=value parser (DPC)
\KV@toks@=\toks16
)
(C:\Users\Acer\AppData\Local\Programs\MiKTeX\tex/latex/graphics\graphics.sty
Package: graphics 2021/03/04 v1.4d Standard LaTeX Graphics (DPC,SPQR)

(C:\Users\Acer\AppData\Local\Programs\MiKTeX\tex/latex/graphics\trig.sty
Package: trig 2016/01/03 v1.10 sin cos tan (DPC)
)
(C:\Users\Acer\AppData\Local\Programs\MiKTeX\tex/latex/graphics-cfg\graphics.cf
g
File: graphics.cfg 2016/06/04 v1.11 sample graphics configuration
)
Package graphics Info: Driver file: pdftex.def on input line 107.

(C:\Users\Acer\AppData\Local\Programs\MiKTeX\tex/latex/graphics-def\pdftex.def
File: pdftex.def 2020/10/05 v1.2a Graphics/color driver for pdftex
))
\Gin@req@height=\dimen139
\Gin@req@width=\dimen140
) (C:\Users\Acer\AppData\Local\Programs\MiKTeX\tex/latex/natbib\natbib.sty
Package: natbib 2010/09/13 8.31b (PWD, AO)
\bibhang=\skip49
\bibsep=\skip50
LaTeX Info: Redefining \cite on input line 694.
\c@NAT@ctr=\count190
)
(C:\Users\Acer\AppData\Local\Programs\MiKTeX\tex/latex/amsmath\amsmath.sty
Package: amsmath 2021/04/20 v2.17j AMS math features
\@mathmargin=\skip51

For additional information on amsmath, use the `?' option.
(C:\Users\Acer\AppData\Local\Programs\MiKTeX\tex/latex/amsmath\amstext.sty
Package: amstext 2000/06/29 v2.01 AMS text

(C:\Users\Acer\AppData\Local\Programs\MiKTeX\tex/latex/amsmath\amsgen.sty
File: amsgen.sty 1999/11/30 v2.0 generic functions
\@emptytoks=\toks17
\ex@=\dimen141
))
(C:\Users\Acer\AppData\Local\Programs\MiKTeX\tex/latex/amsmath\amsbsy.sty
Package: amsbsy 1999/11/29 v1.2d Bold Symbols
\pmbraise@=\dimen142
)
(C:\Users\Acer\AppData\Local\Programs\MiKTeX\tex/latex/amsmath\amsopn.sty
Package: amsopn 2016/03/08 v2.02 operator names
)
\inf@bad=\count191
LaTeX Info: Redefining \frac on input line 234.
\uproot@=\count192
\leftroot@=\count193
LaTeX Info: Redefining \overline on input line 399.
\classnum@=\count194
\DOTSCASE@=\count195
LaTeX Info: Redefining \ldots on input line 496.
LaTeX Info: Redefining \dots on input line 499.
LaTeX Info: Redefining \cdots on input line 620.
\Mathstrutbox@=\box50
\strutbox@=\box51
\big@size=\dimen143
LaTeX Font Info:    Redeclaring font encoding OML on input line 743.
LaTeX Font Info:    Redeclaring font encoding OMS on input line 744.
\macc@depth=\count196
\c@MaxMatrixCols=\count197
\dotsspace@=\muskip16
\c@parentequation=\count198
\dspbrk@lvl=\count199
\tag@help=\toks18
\row@=\count266
\column@=\count267
\maxfields@=\count268
\andhelp@=\toks19
\eqnshift@=\dimen144
\alignsep@=\dimen145
\tagshift@=\dimen146
\tagwidth@=\dimen147
\totwidth@=\dimen148
\lineht@=\dimen149
\@envbody=\toks20
\multlinegap=\skip52
\multlinetaggap=\skip53
\mathdisplay@stack=\toks21
LaTeX Info: Redefining \[ on input line 2923.
LaTeX Info: Redefining \] on input line 2924.
)
(C:\Users\Acer\AppData\Local\Programs\MiKTeX\tex/latex/cmap\cmap.sty
Package: cmap 2021/02/06 v1.0j CMap support: searchable PDF
)
(C:\Users\Acer\AppData\Local\Programs\MiKTeX\tex/latex/base\fontenc.sty
Package: fontenc 2021/04/29 v2.0v Standard LaTeX package

(C:\Users\Acer\AppData\Local\Programs\MiKTeX\tex/latex/cyrillic\t2aenc.def
File: t2aenc.def 2005/09/27 v1.0i Cyrillic encoding definition file
Now handling font encoding T2A ...
... processing UTF-8 mapping file for font encoding T2A

(C:\Users\Acer\AppData\Local\Programs\MiKTeX\tex/latex/base\t2aenc.dfu
File: t2aenc.dfu 2021/01/27 v1.2l UTF-8 support for inputenc
   defining Unicode char U+00A4 (decimal 164)
   defining Unicode char U+00A7 (decimal 167)
   defining Unicode char U+00AB (decimal 171)
   defining Unicode char U+00BB (decimal 187)
   defining Unicode char U+0131 (decimal 305)
   defining Unicode char U+0237 (decimal 567)
   defining Unicode char U+0400 (decimal 1024)
   defining Unicode char U+0401 (decimal 1025)
   defining Unicode char U+0402 (decimal 1026)
   defining Unicode char U+0403 (decimal 1027)
   defining Unicode char U+0404 (decimal 1028)
   defining Unicode char U+0405 (decimal 1029)
   defining Unicode char U+0406 (decimal 1030)
   defining Unicode char U+0407 (decimal 1031)
   defining Unicode char U+0408 (decimal 1032)
   defining Unicode char U+0409 (decimal 1033)
   defining Unicode char U+040A (decimal 1034)
   defining Unicode char U+040B (decimal 1035)
   defining Unicode char U+040C (decimal 1036)
   defining Unicode char U+040D (decimal 1037)
   defining Unicode char U+040E (decimal 1038)
   defining Unicode char U+040F (decimal 1039)
   defining Unicode char U+0410 (decimal 1040)
   defining Unicode char U+0411 (decimal 1041)
   defining Unicode char U+0412 (decimal 1042)
   defining Unicode char U+0413 (decimal 1043)
   defining Unicode char U+0414 (decimal 1044)
   defining Unicode char U+0415 (decimal 1045)
   defining Unicode char U+0416 (decimal 1046)
   defining Unicode char U+0417 (decimal 1047)
   defining Unicode char U+0418 (decimal 1048)
   defining Unicode char U+0419 (decimal 1049)
   defining Unicode char U+041A (decimal 1050)
   defining Unicode char U+041B (decimal 1051)
   defining Unicode char U+041C (decimal 1052)
   defining Unicode char U+041D (decimal 1053)
   defining Unicode char U+041E (decimal 1054)
   defining Unicode char U+041F (decimal 1055)
   defining Unicode char U+0420 (decimal 1056)
   defining Unicode char U+0421 (decimal 1057)
   defining Unicode char U+0422 (decimal 1058)
   defining Unicode char U+0423 (decimal 1059)
   defining Unicode char U+0424 (decimal 1060)
   defining Unicode char U+0425 (decimal 1061)
   defining Unicode char U+0426 (decimal 1062)
   defining Unicode char U+0427 (decimal 1063)
   defining Unicode char U+0428 (decimal 1064)
   defining Unicode char U+0429 (decimal 1065)
   defining Unicode char U+042A (decimal 1066)
   defining Unicode char U+042B (decimal 1067)
   defining Unicode char U+042C (decimal 1068)
   defining Unicode char U+042D (decimal 1069)
   defining Unicode char U+042E (decimal 1070)
   defining Unicode char U+042F (decimal 1071)
   defining Unicode char U+0430 (decimal 1072)
   defining Unicode char U+0431 (decimal 1073)
   defining Unicode char U+0432 (decimal 1074)
   defining Unicode char U+0433 (decimal 1075)
   defining Unicode char U+0434 (decimal 1076)
   defining Unicode char U+0435 (decimal 1077)
   defining Unicode char U+0436 (decimal 1078)
   defining Unicode char U+0437 (decimal 1079)
   defining Unicode char U+0438 (decimal 1080)
   defining Unicode char U+0439 (decimal 1081)
   defining Unicode char U+043A (decimal 1082)
   defining Unicode char U+043B (decimal 1083)
   defining Unicode char U+043C (decimal 1084)
   defining Unicode char U+043D (decimal 1085)
   defining Unicode char U+043E (decimal 1086)
   defining Unicode char U+043F (decimal 1087)
   defining Unicode char U+0440 (decimal 1088)
   defining Unicode char U+0441 (decimal 1089)
   defining Unicode char U+0442 (decimal 1090)
   defining Unicode char U+0443 (decimal 1091)
   defining Unicode char U+0444 (decimal 1092)
   defining Unicode char U+0445 (decimal 1093)
   defining Unicode char U+0446 (decimal 1094)
   defining Unicode char U+0447 (decimal 1095)
   defining Unicode char U+0448 (decimal 1096)
   defining Unicode char U+0449 (decimal 1097)
   defining Unicode char U+044A (decimal 1098)
   defining Unicode char U+044B (decimal 1099)
   defining Unicode char U+044C (decimal 1100)
   defining Unicode char U+044D (decimal 1101)
   defining Unicode char U+044E (decimal 1102)
   defining Unicode char U+044F (decimal 1103)
   defining Unicode char U+0450 (decimal 1104)
   defining Unicode char U+0451 (decimal 1105)
   defining Unicode char U+0452 (decimal 1106)
   defining Unicode char U+0453 (decimal 1107)
   defining Unicode char U+0454 (decimal 1108)
   defining Unicode char U+0455 (decimal 1109)
   defining Unicode char U+0456 (decimal 1110)
   defining Unicode char U+0457 (decimal 1111)
   defining Unicode char U+0458 (decimal 1112)
   defining Unicode char U+0459 (decimal 1113)
   defining Unicode char U+045A (decimal 1114)
   defining Unicode char U+045B (decimal 1115)
   defining Unicode char U+045C (decimal 1116)
   defining Unicode char U+045D (decimal 1117)
   defining Unicode char U+045E (decimal 1118)
   defining Unicode char U+045F (decimal 1119)
   defining Unicode char U+0490 (decimal 1168)
   defining Unicode char U+0491 (decimal 1169)
   defining Unicode char U+0492 (decimal 1170)
   defining Unicode char U+0493 (decimal 1171)
   defining Unicode char U+0496 (decimal 1174)
   defining Unicode char U+0497 (decimal 1175)
   defining Unicode char U+0498 (decimal 1176)
   defining Unicode char U+0499 (decimal 1177)
   defining Unicode char U+049A (decimal 1178)
   defining Unicode char U+049B (decimal 1179)
   defining Unicode char U+049C (decimal 1180)
   defining Unicode char U+049D (decimal 1181)
   defining Unicode char U+04A0 (decimal 1184)
   defining Unicode char U+04A1 (decimal 1185)
   defining Unicode char U+04A2 (decimal 1186)
   defining Unicode char U+04A3 (decimal 1187)
   defining Unicode char U+04A4 (decimal 1188)
   defining Unicode char U+04A5 (decimal 1189)
   defining Unicode char U+04AA (decimal 1194)
   defining Unicode char U+04AB (decimal 1195)
   defining Unicode char U+04AE (decimal 1198)
   defining Unicode char U+04AF (decimal 1199)
   defining Unicode char U+04B0 (decimal 1200)
   defining Unicode char U+04B1 (decimal 1201)
   defining Unicode char U+04B2 (decimal 1202)
   defining Unicode char U+04B3 (decimal 1203)
   defining Unicode char U+04B6 (decimal 1206)
   defining Unicode char U+04B7 (decimal 1207)
   defining Unicode char U+04B8 (decimal 1208)
   defining Unicode char U+04B9 (decimal 1209)
   defining Unicode char U+04BA (decimal 1210)
   defining Unicode char U+04BB (decimal 1211)
   defining Unicode char U+04C0 (decimal 1216)
   defining Unicode char U+04C1 (decimal 1217)
   defining Unicode char U+04C2 (decimal 1218)
   defining Unicode char U+04D0 (decimal 1232)
   defining Unicode char U+04D1 (decimal 1233)
   defining Unicode char U+04D2 (decimal 1234)
   defining Unicode char U+04D3 (decimal 1235)
   defining Unicode char U+04D4 (decimal 1236)
   defining Unicode char U+04D5 (decimal 1237)
   defining Unicode char U+04D6 (decimal 1238)
   defining Unicode char U+04D7 (decimal 1239)
   defining Unicode char U+04D8 (decimal 1240)
   defining Unicode char U+04D9 (decimal 1241)
   defining Unicode char U+04DA (decimal 1242)
   defining Unicode char U+04DB (decimal 1243)
   defining Unicode char U+04DC (decimal 1244)
   defining Unicode char U+04DD (decimal 1245)
   defining Unicode char U+04DE (decimal 1246)
   defining Unicode char U+04DF (decimal 1247)
   defining Unicode char U+04E2 (decimal 1250)
   defining Unicode char U+04E3 (decimal 1251)
   defining Unicode char U+04E4 (decimal 1252)
   defining Unicode char U+04E5 (decimal 1253)
   defining Unicode char U+04E6 (decimal 1254)
   defining Unicode char U+04E7 (decimal 1255)
   defining Unicode char U+04E8 (decimal 1256)
   defining Unicode char U+04E9 (decimal 1257)
   defining Unicode char U+04EC (decimal 1260)
   defining Unicode char U+04ED (decimal 1261)
   defining Unicode char U+04EE (decimal 1262)
   defining Unicode char U+04EF (decimal 1263)
   defining Unicode char U+04F0 (decimal 1264)
   defining Unicode char U+04F1 (decimal 1265)
   defining Unicode char U+04F2 (decimal 1266)
   defining Unicode char U+04F3 (decimal 1267)
   defining Unicode char U+04F4 (decimal 1268)
   defining Unicode char U+04F5 (decimal 1269)
   defining Unicode char U+04F8 (decimal 1272)
   defining Unicode char U+04F9 (decimal 1273)
   defining Unicode char U+200C (decimal 8204)
   defining Unicode char U+2013 (decimal 8211)
   defining Unicode char U+2014 (decimal 8212)
   defining Unicode char U+2018 (decimal 8216)
   defining Unicode char U+2019 (decimal 8217)
   defining Unicode char U+201C (decimal 8220)
   defining Unicode char U+201D (decimal 8221)
   defining Unicode char U+201E (decimal 8222)
   defining Unicode char U+2030 (decimal 8240)
   defining Unicode char U+2031 (decimal 8241)
   defining Unicode char U+2116 (decimal 8470)
   defining Unicode char U+2329 (decimal 9001)
   defining Unicode char U+232A (decimal 9002)
   defining Unicode char U+2423 (decimal 9251)
   defining Unicode char U+27E8 (decimal 10216)
   defining Unicode char U+27E9 (decimal 10217)
   defining Unicode char U+FB00 (decimal 64256)
   defining Unicode char U+FB01 (decimal 64257)
   defining Unicode char U+FB02 (decimal 64258)
   defining Unicode char U+FB03 (decimal 64259)
   defining Unicode char U+FB04 (decimal 64260)
   defining Unicode char U+FB05 (decimal 64261)
   defining Unicode char U+FB06 (decimal 64262)
))
LaTeX Font Info:    Trying to load font information for T2A+cmr on input line 1
12.

(C:\Users\Acer\AppData\Local\Programs\MiKTeX\tex/latex/cyrillic\t2acmr.fd
File: t2acmr.fd 2001/08/11 v1.0a Computer Modern Cyrillic font definitions
)<<t2a.cmap>>)
(C:\Users\Acer\AppData\Local\Programs\MiKTeX\tex/latex/base\inputenc.sty
Package: inputenc 2021/02/14 v1.3d Input encoding file
\inpenc@prehook=\toks22
\inpenc@posthook=\toks23

(C:\Users\Acer\AppData\Local\Programs\MiKTeX\tex/latex/ucs\utf8x.def
File: utf8x.def 2004/10/17 UCS: Input encoding UTF-8
))
(C:\Users\Acer\AppData\Local\Programs\MiKTeX\tex/latex/ucs\ucs.sty
Package: ucs 2013/05/11 v2.2 UCS: Unicode input support

(C:\Users\Acer\AppData\Local\Programs\MiKTeX\tex/latex/ucs\uni-global.def
File: uni-global.def 2013/05/13 UCS: Unicode global data
)
\uc@secondtry=\count269
\uc@combtoks=\toks24
\uc@combtoksb=\toks25
\uc@temptokena=\toks26
)
(C:\Users\Acer\AppData\Local\Programs\MiKTeX\tex/generic/babel\babel.sty
Package: babel 2021/06/02 3.60 The Babel package

(C:\Users\Acer\AppData\Local\Programs\MiKTeX\tex/generic/babel\babel.def
File: babel.def 2021/06/02 3.60 Babel common definitions
\babel@savecnt=\count270
\U@D=\dimen150
\l@unhyphenated=\language79

(C:\Users\Acer\AppData\Local\Programs\MiKTeX\tex/generic/babel\txtbabel.def)
\bbl@readstream=\read2
)
\bbl@dirlevel=\count271

*************************************
* Local config file bblopts.cfg used
*
(C:\Users\Acer\AppData\Local\Programs\MiKTeX\tex/latex/arabi\bblopts.cfg
File: bblopts.cfg 2005/09/08 v0.1 add Arabic and Farsi to "declared" options of
 babel
)
(C:\Users\Acer\AppData\Local\Programs\MiKTeX\tex/latex/babel-english\english.ld
f
Language: english 2017/06/06 v3.3r English support from the babel system
Package babel Info: Hyphen rules for 'canadian' set to \l@english
(babel)             (\language0). Reported on input line 102.
Package babel Info: Hyphen rules for 'australian' set to \l@ukenglish
(babel)             (\language73). Reported on input line 105.
Package babel Info: Hyphen rules for 'newzealand' set to \l@ukenglish
(babel)             (\language73). Reported on input line 108.
)
(C:\Users\Acer\AppData\Local\Programs\MiKTeX\tex/latex/babel-russian\russianb.l
df
File: russianb.ldf 2021/01/10 1.3m Russian support for the Babel system
Language: russian 2020/09/09 1.3k Russian support for the Babel system
Package babel Info: Making " an active character on input line 124.
Package babel Info: Default for \cyrdash is provided on input line 163.
)) (C:\Users\Acer\AppData\Local\Programs\MiKTeX\tex/latex/xcolor\xcolor.sty
Package: xcolor 2016/05/11 v2.12 LaTeX color extensions (UK)

(C:\Users\Acer\AppData\Local\Programs\MiKTeX\tex/latex/graphics-cfg\color.cfg
File: color.cfg 2016/01/02 v1.6 sample color configuration
)
Package xcolor Info: Driver file: pdftex.def on input line 225.
Package xcolor Info: Model `cmy' substituted by `cmy0' on input line 1348.
Package xcolor Info: Model `hsb' substituted by `rgb' on input line 1352.
Package xcolor Info: Model `RGB' extended on input line 1364.
Package xcolor Info: Model `HTML' substituted by `rgb' on input line 1366.
Package xcolor Info: Model `Hsb' substituted by `hsb' on input line 1367.
Package xcolor Info: Model `tHsb' substituted by `hsb' on input line 1368.
Package xcolor Info: Model `HSB' substituted by `hsb' on input line 1369.
Package xcolor Info: Model `Gray' substituted by `gray' on input line 1370.
Package xcolor Info: Model `wave' substituted by `hsb' on input line 1371.
) (C:\Users\Acer\AppData\Local\Programs\MiKTeX\tex/latex/hyperref\hyperref.sty
Package: hyperref 2021-06-05 v7.00l Hypertext links for LaTeX

(C:\Users\Acer\AppData\Local\Programs\MiKTeX\tex/generic/ltxcmds\ltxcmds.sty
Package: ltxcmds 2020-05-10 v1.25 LaTeX kernel commands for general use (HO)
)
(C:\Users\Acer\AppData\Local\Programs\MiKTeX\tex/generic/iftex\iftex.sty
Package: iftex 2020/03/06 v1.0d TeX engine tests
)
(C:\Users\Acer\AppData\Local\Programs\MiKTeX\tex/generic/pdftexcmds\pdftexcmds.
sty
Package: pdftexcmds 2020-06-27 v0.33 Utility functions of pdfTeX for LuaTeX (HO
)

(C:\Users\Acer\AppData\Local\Programs\MiKTeX\tex/generic/infwarerr\infwarerr.st
y
Package: infwarerr 2019/12/03 v1.5 Providing info/warning/error messages (HO)
)
Package pdftexcmds Info: \pdf@primitive is available.
Package pdftexcmds Info: \pdf@ifprimitive is available.
Package pdftexcmds Info: \pdfdraftmode found.
)
(C:\Users\Acer\AppData\Local\Programs\MiKTeX\tex/generic/kvsetkeys\kvsetkeys.st
y
Package: kvsetkeys 2019/12/15 v1.18 Key value parser (HO)
)
(C:\Users\Acer\AppData\Local\Programs\MiKTeX\tex/generic/kvdefinekeys\kvdefinek
eys.sty
Package: kvdefinekeys 2019-12-19 v1.6 Define keys (HO)
)
(C:\Users\Acer\AppData\Local\Programs\MiKTeX\tex/generic/pdfescape\pdfescape.st
y
Package: pdfescape 2019/12/09 v1.15 Implements pdfTeX's escape features (HO)
) (C:\Users\Acer\AppData\Local\Programs\MiKTeX\tex/latex/hycolor\hycolor.sty
Package: hycolor 2020-01-27 v1.10 Color options for hyperref/bookmark (HO)
)
(C:\Users\Acer\AppData\Local\Programs\MiKTeX\tex/latex/letltxmacro\letltxmacro.
sty
Package: letltxmacro 2019/12/03 v1.6 Let assignment for LaTeX macros (HO)
) (C:\Users\Acer\AppData\Local\Programs\MiKTeX\tex/latex/auxhook\auxhook.sty
Package: auxhook 2019-12-17 v1.6 Hooks for auxiliary files (HO)
)
(C:\Users\Acer\AppData\Local\Programs\MiKTeX\tex/latex/kvoptions\kvoptions.sty
Package: kvoptions 2020-10-07 v3.14 Key value format for package options (HO)
)
\@linkdim=\dimen151
\Hy@linkcounter=\count272
\Hy@pagecounter=\count273
(C:\Users\Acer\AppData\Local\Programs\MiKTeX\tex/latex/hyperref\pd1enc.def
File: pd1enc.def 2021-06-05 v7.00l Hyperref: PDFDocEncoding definition (HO)
)
(C:\Users\Acer\AppData\Local\Programs\MiKTeX\tex/latex/hyperref\hyperref-langpa
tches.def
File: hyperref-langpatches.def 2021-06-05 v7.00l Hyperref: patches for babel la
nguages
)
(C:\Users\Acer\AppData\Local\Programs\MiKTeX\tex/generic/intcalc\intcalc.sty
Package: intcalc 2019/12/15 v1.3 Expandable calculations with integers (HO)
)
(C:\Users\Acer\AppData\Local\Programs\MiKTeX\tex/generic/etexcmds\etexcmds.sty
Package: etexcmds 2019/12/15 v1.7 Avoid name clashes with e-TeX commands (HO)
)
\Hy@SavedSpaceFactor=\count274
(C:\Users\Acer\AppData\Local\Programs\MiKTeX\tex/latex/hyperref\puenc.def
File: puenc.def 2021-06-05 v7.00l Hyperref: PDF Unicode definition (HO)
)
Package hyperref Info: Option `unicode' set `true' on input line 3167.
Package hyperref Info: Hyper figures OFF on input line 4192.
Package hyperref Info: Link nesting OFF on input line 4197.
Package hyperref Info: Hyper index ON on input line 4200.
Package hyperref Info: Plain pages OFF on input line 4207.
Package hyperref Info: Backreferencing OFF on input line 4212.
Package hyperref Info: Implicit mode ON; LaTeX internals redefined.
Package hyperref Info: Bookmarks ON on input line 4445.
\c@Hy@tempcnt=\count275

(C:\Users\Acer\AppData\Local\Programs\MiKTeX\tex/latex/url\url.sty
\Urlmuskip=\muskip17
Package: url 2013/09/16  ver 3.4  Verb mode for urls, etc.
)
LaTeX Info: Redefining \url on input line 4804.
\XeTeXLinkMargin=\dimen152

(C:\Users\Acer\AppData\Local\Programs\MiKTeX\tex/generic/bitset\bitset.sty
Package: bitset 2019/12/09 v1.3 Handle bit-vector datatype (HO)

(C:\Users\Acer\AppData\Local\Programs\MiKTeX\tex/generic/bigintcalc\bigintcalc.
sty
Package: bigintcalc 2019/12/15 v1.5 Expandable calculations on big integers (HO
)
))
\Fld@menulength=\count276
\Field@Width=\dimen153
\Fld@charsize=\dimen154
Package hyperref Info: Hyper figures OFF on input line 6076.
Package hyperref Info: Link nesting OFF on input line 6081.
Package hyperref Info: Hyper index ON on input line 6084.
Package hyperref Info: backreferencing OFF on input line 6091.
Package hyperref Info: Link coloring OFF on input line 6096.
Package hyperref Info: Link coloring with OCG OFF on input line 6101.
Package hyperref Info: PDF/A mode OFF on input line 6106.
LaTeX Info: Redefining \ref on input line 6146.
LaTeX Info: Redefining \pageref on input line 6150.

(C:\Users\Acer\AppData\Local\Programs\MiKTeX\tex/latex/base\atbegshi-ltx.sty
Package: atbegshi-ltx 2021/01/10 v1.0c Emulation of the original atbegshi
package with kernel methods
)
\Hy@abspage=\count277
\c@Item=\count278
\c@Hfootnote=\count279
)
Package hyperref Info: Driver (autodetected): hpdftex.

(C:\Users\Acer\AppData\Local\Programs\MiKTeX\tex/latex/hyperref\hpdftex.def
File: hpdftex.def 2021-06-05 v7.00l Hyperref driver for pdfTeX

(C:\Users\Acer\AppData\Local\Programs\MiKTeX\tex/latex/base\atveryend-ltx.sty
Package: atveryend-ltx 2020/08/19 v1.0a Emulation of the original atvery packag
e
with kernel methods
)
\Fld@listcount=\count280
\c@bookmark@seq@number=\count281

(C:\Users\Acer\AppData\Local\Programs\MiKTeX\tex/latex/rerunfilecheck\rerunfile
check.sty
Package: rerunfilecheck 2019/12/05 v1.9 Rerun checks for auxiliary files (HO)

(C:\Users\Acer\AppData\Local\Programs\MiKTeX\tex/generic/uniquecounter\uniqueco
unter.sty
Package: uniquecounter 2019/12/15 v1.4 Provide unlimited unique counter (HO)
)
Package uniquecounter Info: New unique counter `rerunfilecheck' on input line 2
86.
)
\Hy@SectionHShift=\skip54
)
(C:\Users\Acer\AppData\Local\Programs\MiKTeX\tex/latex/float\float.sty
Package: float 2001/11/08 v1.3d Float enhancements (AL)
\c@float@type=\count282
\float@exts=\toks27
\float@box=\box52
\@float@everytoks=\toks28
\@floatcapt=\box53
)
(C:\Users\Acer\AppData\Local\Programs\MiKTeX\tex/latex/listings\listings.sty
\lst@mode=\count283
\lst@gtempboxa=\box54
\lst@token=\toks29
\lst@length=\count284
\lst@currlwidth=\dimen155
\lst@column=\count285
\lst@pos=\count286
\lst@lostspace=\dimen156
\lst@width=\dimen157
\lst@newlines=\count287
\lst@lineno=\count288
\lst@maxwidth=\dimen158

(C:\Users\Acer\AppData\Local\Programs\MiKTeX\tex/latex/listings\lstmisc.sty
File: lstmisc.sty 2020/03/24 1.8d (Carsten Heinz)
\c@lstnumber=\count289
\lst@skipnumbers=\count290
\lst@framebox=\box55
)
(C:\Users\Acer\AppData\Local\Programs\MiKTeX\tex/latex/listings\listings.cfg
File: listings.cfg 2020/03/24 1.8d listings configuration
))
Package: listings 2020/03/24 1.8d (Carsten Heinz)

(C:\Users\Acer\AppData\Local\Programs\MiKTeX\tex/latex/geometry\geometry.sty
Package: geometry 2020/01/02 v5.9 Page Geometry

(C:\Users\Acer\AppData\Local\Programs\MiKTeX\tex/generic/iftex\ifvtex.sty
Package: ifvtex 2019/10/25 v1.7 ifvtex legacy package. Use iftex instead.
)
\Gm@cnth=\count291
\Gm@cntv=\count292
\c@Gm@tempcnt=\count293
\Gm@bindingoffset=\dimen159
\Gm@wd@mp=\dimen160
\Gm@odd@mp=\dimen161
\Gm@even@mp=\dimen162
\Gm@layoutwidth=\dimen163
\Gm@layoutheight=\dimen164
\Gm@layouthoffset=\dimen165
\Gm@layoutvoffset=\dimen166
\Gm@dimlist=\toks30

(C:\Users\Acer\AppData\Local\Programs\MiKTeX\tex/latex/geometry\geometry.cfg))
(C:\Users\Acer\AppData\Local\Programs\MiKTeX\tex/latex/listings\lstlang1.sty
File: lstlang1.sty 2020/03/24 1.8d listings language file
)
(C:\Users\Acer\AppData\Local\Programs\MiKTeX\tex/latex/listings\lstlang2.sty
File: lstlang2.sty 2020/03/24 1.8d listings language file
)
(C:\Users\Acer\AppData\Local\Programs\MiKTeX\tex/latex/listings\lstlang3.sty
File: lstlang3.sty 2020/03/24 1.8d listings language file
)
Package hyperref Info: Option `colorlinks' set `true' on input line 22.
)
(C:\Users\Acer\AppData\Local\Programs\MiKTeX\tex/latex/l3backend\l3backend-pdft
ex.def
File: l3backend-pdftex.def 2021-05-07 L3 backend support: PDF output (pdfTeX)
\l__color_backend_stack_int=\count294
\l__pdf_internal_box=\box56
) (report1.aux)
\openout1 = `report1.aux'.

LaTeX Font Info:    Checking defaults for OML/cmm/m/it on input line 7.
LaTeX Font Info:    ... okay on input line 7.
LaTeX Font Info:    Checking defaults for OMS/cmsy/m/n on input line 7.
LaTeX Font Info:    ... okay on input line 7.
LaTeX Font Info:    Checking defaults for OT1/cmr/m/n on input line 7.
LaTeX Font Info:    ... okay on input line 7.
LaTeX Font Info:    Checking defaults for T1/cmr/m/n on input line 7.
LaTeX Font Info:    ... okay on input line 7.
LaTeX Font Info:    Checking defaults for TS1/cmr/m/n on input line 7.
LaTeX Font Info:    ... okay on input line 7.
LaTeX Font Info:    Checking defaults for OMX/cmex/m/n on input line 7.
LaTeX Font Info:    ... okay on input line 7.
LaTeX Font Info:    Checking defaults for U/cmr/m/n on input line 7.
LaTeX Font Info:    ... okay on input line 7.
LaTeX Font Info:    Checking defaults for T2A/cmr/m/n on input line 7.
LaTeX Font Info:    ... okay on input line 7.
LaTeX Font Info:    Checking defaults for PD1/pdf/m/n on input line 7.
LaTeX Font Info:    ... okay on input line 7.
LaTeX Font Info:    Checking defaults for PU/pdf/m/n on input line 7.
LaTeX Font Info:    ... okay on input line 7.

(C:\Users\Acer\AppData\Local\Programs\MiKTeX\tex/context/base/mkii\supp-pdf.mki
i
[Loading MPS to PDF converter (version 2006.09.02).]
\scratchcounter=\count295
\scratchdimen=\dimen167
\scratchbox=\box57
\nofMPsegments=\count296
\nofMParguments=\count297
\everyMPshowfont=\toks31
\MPscratchCnt=\count298
\MPscratchDim=\dimen168
\MPnumerator=\count299
\makeMPintoPDFobject=\count300
\everyMPtoPDFconversion=\toks32
)
(C:\Users\Acer\AppData\Local\Programs\MiKTeX\tex/latex/epstopdf-pkg\epstopdf-ba
se.sty
Package: epstopdf-base 2020-01-24 v2.11 Base part for package epstopdf
Package epstopdf-base Info: Redefining graphics rule for `.eps' on input line 4
85.

(C:\Users\Acer\AppData\Local\Programs\MiKTeX\tex/latex/00miktex\epstopdf-sys.cf
g
File: epstopdf-sys.cfg 2021/03/18 v2.0 Configuration of epstopdf for MiKTeX
)) (C:\Users\Acer\AppData\Local\Programs\MiKTeX\tex/latex/ucs\ucsencs.def
File: ucsencs.def 2011/01/21 Fixes to fontencodings LGR, T3
)
LaTeX Info: Redefining \th on input line 7.
Package hyperref Info: Link coloring ON on input line 7.

(C:\Users\Acer\AppData\Local\Programs\MiKTeX\tex/latex/hyperref\nameref.sty
Package: nameref 2021-04-02 v2.47 Cross-referencing by name of section

(C:\Users\Acer\AppData\Local\Programs\MiKTeX\tex/latex/refcount\refcount.sty
Package: refcount 2019/12/15 v3.6 Data extraction from label references (HO)
)
(C:\Users\Acer\AppData\Local\Programs\MiKTeX\tex/generic/gettitlestring\gettitl
estring.sty
Package: gettitlestring 2019/12/15 v1.6 Cleanup title references (HO)
)
\c@section@level=\count301
)
LaTeX Info: Redefining \ref on input line 7.
LaTeX Info: Redefining \pageref on input line 7.
LaTeX Info: Redefining \nameref on input line 7.
 (report1.out) (report1.out)
\@outlinefile=\write3
\openout3 = `report1.out'.

\c@lstlisting=\count302

*geometry* driver: auto-detecting
*geometry* detected driver: pdftex
*geometry* verbose mode - [ preamble ] result:
* driver: pdftex
* paper: <default>
* layout: <same size as paper>
* layoutoffset:(h,v)=(0.0pt,0.0pt)
* modes: 
* h-part:(L,W,R)=(28.45274pt, 493.69707pt, 92.14519pt)
* v-part:(T,H,B)=(95.39737pt, 556.47656pt, 143.09605pt)
* \paperwidth=614.295pt
* \paperheight=794.96999pt
* \textwidth=493.69707pt
* \textheight=556.47656pt
* \oddsidemargin=-43.81725pt
* \evensidemargin=-43.81725pt
* \topmargin=-13.87262pt
* \headheight=12.0pt
* \headsep=25.0pt
* \topskip=10.0pt
* \footskip=30.0pt
* \marginparwidth=65.0pt
* \marginparsep=11.0pt
* \columnsep=10.0pt
* \skip\footins=9.0pt plus 4.0pt minus 2.0pt
* \hoffset=0.0pt
* \voffset=0.0pt
* \mag=1000
* \@twocolumnfalse
* \@twosidefalse
* \@mparswitchfalse
* \@reversemarginfalse
* (1in=72.27pt=25.4mm, 1cm=28.453pt)

(title.tex (C:\Users\Acer\AppData\Local\Programs\MiKTeX\tex/latex/ucs\uni-4.def
File: uni-4.def 2013/05/13 UCS: Unicode data U+0400..U+04FF
) (C:\Users\Acer\AppData\Local\Programs\MiKTeX\tex/latex/ucs\uni-33.def
File: uni-33.def 2013/05/13 UCS: Unicode data U+2100..U+21FF
)
(C:\Users\Acer\AppData\Local\Programs\MiKTeX\tex/latex/ucs\uni-0.def
File: uni-0.def 2013/05/13 UCS: Unicode data U+0000..U+00FF
) [1

{C:/Users/Acer/AppData/Local/MiKTeX/pdftex/config/pdftex.map}]) (report1.toc<<o
t1.cmap>><<oml.cmap>><<oms.cmap>><<omx.cmap>>)
\tf@toc=\write4
\openout4 = `report1.toc'.

pdfTeX warning (ext4): destination with the same identifier (name{page.1}) has 
been already used, duplicate ignored
<to be read again> 
                   \relax 
l.13 \newpage
              [1] (report1.lof)
\tf@lof=\write5
\openout5 = `report1.lof'.

 [2] (report1.lot)
\tf@lot=\write6
\openout6 = `report1.lot'.

 [3] (problem_statement.tex)
[4] (theory.tex [5] [6]
Underfull \hbox (badness 10000) in paragraph at lines 147--148

 []

[7pdfTeX warning (ext4): destination with the same identifier (name{table.1}) h
as been already used, duplicate ignored
<argument> ...shipout:D \box_use:N \l_shipout_box 
                                                  \__shipout_drop_firstpage_...
l.182 \begin{equation}
                      ]
Overfull \hbox (4.15959pt too wide) in paragraph at lines 233--234
[]\T2A/cmr/m/n/10 Здесь функ-ция $\OML/cmm/m/it/10 K\OT1/cmr/m/n/10 (\OML/cmm/m
/it/10 u\OT1/cmr/m/n/10 )$\T2A/cmr/m/n/10 , на-зы-ва-е-мая ядер-ной (яд-ром), н
епре-рыв-на и яв-ля-ет-ся плот-но-стью ве-ро-ят-но-сти, $\OML/cmm/m/it/10 x[]; 
 ::: ; x[]$
 []


Underfull \hbox (badness 10000) in paragraph at lines 239--240

 []

[8pdfTeX warning (ext4): destination with the same identifier (name{table.2}) h
as been already used, duplicate ignored
<argument> ...shipout:D \box_use:N \l_shipout_box 
                                                  \__shipout_drop_firstpage_...
l.240 
      ]
Underfull \hbox (badness 10000) in paragraph at lines 241--242

 []


Underfull \hbox (badness 10000) in paragraph at lines 243--244

 []

) [9] (realize.tex
Underfull \hbox (badness 10000) in paragraph at lines 3--4

 []

LaTeX Font Info:    Trying to load font information for T2A+cmtt on input line 
5.
(C:\Users\Acer\AppData\Local\Programs\MiKTeX\tex/latex/cyrillic\t2acmtt.fd
File: t2acmtt.fd 2001/08/11 v1.0a Computer Modern Cyrillic font definitions
))
[10] (result.tex
<normal_hist_10.pdf, id=368, 462.52798pt x 346.89601pt>
File: normal_hist_10.pdf Graphic file (type pdf)
<use normal_hist_10.pdf>
Package pdftex.def Info: normal_hist_10.pdf  used on input line 8.
(pdftex.def)             Requested size: 152.63469pt x 114.47603pt.
<normal_hist_50.pdf, id=369, 462.52798pt x 346.89601pt>
File: normal_hist_50.pdf Graphic file (type pdf)
<use normal_hist_50.pdf>
Package pdftex.def Info: normal_hist_50.pdf  used on input line 9.
(pdftex.def)             Requested size: 152.63469pt x 114.47603pt.
<normal_hist_1000.pdf, id=370, 462.52798pt x 346.89601pt>
File: normal_hist_1000.pdf Graphic file (type pdf)
<use normal_hist_1000.pdf>
Package pdftex.def Info: normal_hist_1000.pdf  used on input line 10.
(pdftex.def)             Requested size: 152.63469pt x 114.47603pt.
<cauchy_hist_10.pdf, id=371, 462.52798pt x 346.89601pt>
File: cauchy_hist_10.pdf Graphic file (type pdf)
<use cauchy_hist_10.pdf>
Package pdftex.def Info: cauchy_hist_10.pdf  used on input line 17.
(pdftex.def)             Requested size: 152.63469pt x 114.47603pt.
<cauchy_hist_50.pdf, id=372, 462.52798pt x 346.89601pt>
File: cauchy_hist_50.pdf Graphic file (type pdf)
<use cauchy_hist_50.pdf>
Package pdftex.def Info: cauchy_hist_50.pdf  used on input line 18.
(pdftex.def)             Requested size: 152.63469pt x 114.47603pt.
<cauchy_hist_1000.pdf, id=373, 462.52798pt x 346.89601pt>
File: cauchy_hist_1000.pdf Graphic file (type pdf)
<use cauchy_hist_1000.pdf>
Package pdftex.def Info: cauchy_hist_1000.pdf  used on input line 19.
(pdftex.def)             Requested size: 152.63469pt x 114.47603pt.
<laplace_hist_10.pdf, id=374, 462.52798pt x 346.89601pt>
File: laplace_hist_10.pdf Graphic file (type pdf)
<use laplace_hist_10.pdf>
Package pdftex.def Info: laplace_hist_10.pdf  used on input line 26.
(pdftex.def)             Requested size: 152.63469pt x 114.47603pt.
<laplace_hist_50.pdf, id=375, 462.52798pt x 346.89601pt>
File: laplace_hist_50.pdf Graphic file (type pdf)
<use laplace_hist_50.pdf>
Package pdftex.def Info: laplace_hist_50.pdf  used on input line 27.
(pdftex.def)             Requested size: 152.63469pt x 114.47603pt.
<laplace_hist_1000.pdf, id=376, 462.52798pt x 346.89601pt>
File: laplace_hist_1000.pdf Graphic file (type pdf)
<use laplace_hist_1000.pdf>
Package pdftex.def Info: laplace_hist_1000.pdf  used on input line 28.
(pdftex.def)             Requested size: 152.63469pt x 114.47603pt.
<poisson_hist_10.pdf, id=377, 462.52798pt x 346.89601pt>
File: poisson_hist_10.pdf Graphic file (type pdf)
<use poisson_hist_10.pdf>
Package pdftex.def Info: poisson_hist_10.pdf  used on input line 35.
(pdftex.def)             Requested size: 152.63469pt x 114.47603pt.
<poisson_hist_50.pdf, id=378, 462.52798pt x 346.89601pt>
File: poisson_hist_50.pdf Graphic file (type pdf)
<use poisson_hist_50.pdf>
Package pdftex.def Info: poisson_hist_50.pdf  used on input line 36.
(pdftex.def)             Requested size: 152.63469pt x 114.47603pt.
<poisson_hist_1000.pdf, id=379, 462.52798pt x 346.89601pt>
File: poisson_hist_1000.pdf Graphic file (type pdf)
<use poisson_hist_1000.pdf>
Package pdftex.def Info: poisson_hist_1000.pdf  used on input line 37.
(pdftex.def)             Requested size: 152.63469pt x 114.47603pt.
 [11pdfTeX warning (ext4): destination with the same identifier (name{figure.1}
) has been already used, duplicate ignored
<argument> ...shipout:D \box_use:N \l_shipout_box 
                                                  \__shipout_drop_firstpage_...
l.41 
     pdfTeX warning (ext4): destination with the same identifier (name{figure.2
}) has been already used, duplicate ignored
<argument> ...shipout:D \box_use:N \l_shipout_box 
                                                  \__shipout_drop_firstpage_...
l.41 
     pdfTeX warning (ext4): destination with the same identifier (name{figure.3
}) has been already used, duplicate ignored
<argument> ...shipout:D \box_use:N \l_shipout_box 
                                                  \__shipout_drop_firstpage_...
l.41 
      <./normal_hist_10.pdf> <./normal_hist_50.pdf> <./normal_hist_1000.pdf> <.
/cauchy_hist_10.pdf> <./cauchy_hist_50.pdf> <./cauchy_hist_1000.pdf> <./laplace
_hist_10.pdf> <./laplace_hist_50.pdf> <./laplace_hist_1000.pdf>]
<uniform_hist_10.pdf, id=670, 462.52798pt x 346.89601pt>
File: uniform_hist_10.pdf Graphic file (type pdf)
<use uniform_hist_10.pdf>
Package pdftex.def Info: uniform_hist_10.pdf  used on input line 45.
(pdftex.def)             Requested size: 152.63469pt x 114.47603pt.
<uniform_hist_50.pdf, id=671, 462.52798pt x 346.89601pt>
File: uniform_hist_50.pdf Graphic file (type pdf)
<use uniform_hist_50.pdf>
Package pdftex.def Info: uniform_hist_50.pdf  used on input line 46.
(pdftex.def)             Requested size: 152.63469pt x 114.47603pt.
<uniform_hist_1000.pdf, id=672, 462.52798pt x 346.89601pt>
File: uniform_hist_1000.pdf Graphic file (type pdf)
<use uniform_hist_1000.pdf>
Package pdftex.def Info: uniform_hist_1000.pdf  used on input line 47.
(pdftex.def)             Requested size: 152.63469pt x 114.47603pt.

Overfull \hbox (35.49742pt too wide) in paragraph at lines 64--97
 [] 
 []

[12pdfTeX warning (ext4): destination with the same identifier (name{figure.4})
 has been already used, duplicate ignored
<argument> ...shipout:D \box_use:N \l_shipout_box 
                                                  \__shipout_drop_firstpage_...
l.100 
      pdfTeX warning (ext4): destination with the same identifier (name{figure.
5}) has been already used, duplicate ignored
<argument> ...shipout:D \box_use:N \l_shipout_box 
                                                  \__shipout_drop_firstpage_...
l.100 
       <./poisson_hist_10.pdf> <./poisson_hist_50.pdf> <./poisson_hist_1000.pdf
> <./uniform_hist_10.pdf> <./uniform_hist_50.pdf> <./uniform_hist_1000.pdf>]
Overfull \hbox (85.45744pt too wide) in paragraph at lines 103--136
 [] 
 []


Overfull \hbox (36.44164pt too wide) in paragraph at lines 142--175
 [] 
 []

[13pdfTeX warning (ext4): destination with the same identifier (name{table.3}) 
has been already used, duplicate ignored
<argument> ...shipout:D \box_use:N \l_shipout_box 
                                                  \__shipout_drop_firstpage_...
l.178 
      pdfTeX warning (ext4): destination with the same identifier (name{table.4
}) has been already used, duplicate ignored
<argument> ...shipout:D \box_use:N \l_shipout_box 
                                                  \__shipout_drop_firstpage_...
l.178 
      ]
Overfull \hbox (49.04967pt too wide) in paragraph at lines 181--214
 [] 
 []


Overfull \hbox (39.10765pt too wide) in paragraph at lines 220--253
 [] 
 []

[14pdfTeX warning (ext4): destination with the same identifier (name{table.5}) 
has been already used, duplicate ignored
<argument> ...shipout:D \box_use:N \l_shipout_box 
                                                  \__shipout_drop_firstpage_...
l.256 
      pdfTeX warning (ext4): destination with the same identifier (name{table.6
}) has been already used, duplicate ignored
<argument> ...shipout:D \box_use:N \l_shipout_box 
                                                  \__shipout_drop_firstpage_...
l.256 
      ]
<normal_boxplot.png, id=869, 462.528pt x 346.896pt>
File: normal_boxplot.png Graphic file (type png)
<use normal_boxplot.png>
Package pdftex.def Info: normal_boxplot.png  used on input line 261.
(pdftex.def)             Requested size: 300.63962pt x 225.47972pt.
<cauchy_boxplot.png, id=871, 462.528pt x 346.896pt>
File: cauchy_boxplot.png Graphic file (type png)
<use cauchy_boxplot.png>
Package pdftex.def Info: cauchy_boxplot.png  used on input line 267.
(pdftex.def)             Requested size: 300.63962pt x 225.47972pt.
 [15pdfTeX warning (ext4): destination with the same identifier (name{table.7})
 has been already used, duplicate ignored
<argument> ...shipout:D \box_use:N \l_shipout_box 
                                                  \__shipout_drop_firstpage_...
l.270 
      pdfTeX warning (ext4): destination with the same identifier (name{figure.
6}) has been already used, duplicate ignored
<argument> ...shipout:D \box_use:N \l_shipout_box 
                                                  \__shipout_drop_firstpage_...
l.270 
       <./normal_boxplot.png>]
<laplace_boxplot.png, id=877, 462.528pt x 346.896pt>
File: laplace_boxplot.png Graphic file (type png)
<use laplace_boxplot.png>
Package pdftex.def Info: laplace_boxplot.png  used on input line 273.
(pdftex.def)             Requested size: 300.63962pt x 225.47972pt.
<poisson_boxplot.png, id=878, 462.528pt x 346.896pt>
File: poisson_boxplot.png Graphic file (type png)
<use poisson_boxplot.png>
Package pdftex.def Info: poisson_boxplot.png  used on input line 279.
(pdftex.def)             Requested size: 300.63962pt x 225.47972pt.
 [16pdfTeX warning (ext4): destination with the same identifier (name{figure.7}
) has been already used, duplicate ignored
<argument> ...shipout:D \box_use:N \l_shipout_box 
                                                  \__shipout_drop_firstpage_...
l.282 
      pdfTeX warning (ext4): destination with the same identifier (name{figure.
8}) has been already used, duplicate ignored
<argument> ...shipout:D \box_use:N \l_shipout_box 
                                                  \__shipout_drop_firstpage_...
l.282 
       <./cauchy_boxplot.png> <./laplace_boxplot.png>]
<uniform_boxplot.png, id=885, 462.528pt x 346.896pt>
File: uniform_boxplot.png Graphic file (type png)
<use uniform_boxplot.png>
Package pdftex.def Info: uniform_boxplot.png  used on input line 285.
(pdftex.def)             Requested size: 300.63962pt x 225.47972pt.

Underfull \hbox (badness 10000) in paragraph at lines 291--326

 []

[17pdfTeX warning (ext4): destination with the same identifier (name{figure.9})
 has been already used, duplicate ignored
<argument> ...shipout:D \box_use:N \l_shipout_box 
                                                  \__shipout_drop_firstpage_...
l.326 \end{table}
                 pdfTeX warning (ext4): destination with the same identifier (n
ame{figure.10}) has been already used, duplicate ignored
<argument> ...shipout:D \box_use:N \l_shipout_box 
                                                  \__shipout_drop_firstpage_...
l.326 \end{table}
                  <./poisson_boxplot.png> <./uniform_boxplot.png>]
Underfull \hbox (badness 10000) in paragraph at lines 356--357

 []

<normal_F20.png, id=892, 462.528pt x 346.896pt>
File: normal_F20.png Graphic file (type png)
<use normal_F20.png>
Package pdftex.def Info: normal_F20.png  used on input line 360.
(pdftex.def)             Requested size: 152.6347pt x 114.47603pt.
<normal_F60.png, id=893, 462.528pt x 346.896pt>
File: normal_F60.png Graphic file (type png)
<use normal_F60.png>
Package pdftex.def Info: normal_F60.png  used on input line 361.
(pdftex.def)             Requested size: 152.6347pt x 114.47603pt.
<normal_F100.png, id=894, 462.528pt x 346.896pt>
File: normal_F100.png Graphic file (type png)
<use normal_F100.png>
Package pdftex.def Info: normal_F100.png  used on input line 362.
(pdftex.def)             Requested size: 152.6347pt x 114.47603pt.
[18pdfTeX warning (ext4): destination with the same identifier (name{table.8}) 
has been already used, duplicate ignored
<argument> ...shipout:D \box_use:N \l_shipout_box 
                                                  \__shipout_drop_firstpage_...
l.366 
      pdfTeX warning (ext4): destination with the same identifier (name{table.9
}) has been already used, duplicate ignored
<argument> ...shipout:D \box_use:N \l_shipout_box 
                                                  \__shipout_drop_firstpage_...
l.366 
      ]
<cauchy_F20.png, id=900, 462.528pt x 346.896pt>
File: cauchy_F20.png Graphic file (type png)
<use cauchy_F20.png>
Package pdftex.def Info: cauchy_F20.png  used on input line 369.
(pdftex.def)             Requested size: 152.6347pt x 114.47603pt.
<cauchy_F60.png, id=901, 462.528pt x 346.896pt>
File: cauchy_F60.png Graphic file (type png)
<use cauchy_F60.png>
Package pdftex.def Info: cauchy_F60.png  used on input line 370.
(pdftex.def)             Requested size: 152.6347pt x 114.47603pt.
<cauchy_F100.png, id=902, 462.528pt x 346.896pt>
File: cauchy_F100.png Graphic file (type png)
<use cauchy_F100.png>
Package pdftex.def Info: cauchy_F100.png  used on input line 371.
(pdftex.def)             Requested size: 152.6347pt x 114.47603pt.
<laplace_F20.png, id=903, 462.528pt x 346.896pt>
File: laplace_F20.png Graphic file (type png)
<use laplace_F20.png>
Package pdftex.def Info: laplace_F20.png  used on input line 378.
(pdftex.def)             Requested size: 152.6347pt x 114.47603pt.
<laplace_F60.png, id=904, 462.528pt x 346.896pt>
File: laplace_F60.png Graphic file (type png)
<use laplace_F60.png>
Package pdftex.def Info: laplace_F60.png  used on input line 379.
(pdftex.def)             Requested size: 152.6347pt x 114.47603pt.
<laplace_F100.png, id=905, 462.528pt x 346.896pt>
File: laplace_F100.png Graphic file (type png)
<use laplace_F100.png>
Package pdftex.def Info: laplace_F100.png  used on input line 380.
(pdftex.def)             Requested size: 152.6347pt x 114.47603pt.
<poisson_F20.png, id=906, 462.528pt x 346.896pt>
File: poisson_F20.png Graphic file (type png)
<use poisson_F20.png>
Package pdftex.def Info: poisson_F20.png  used on input line 387.
(pdftex.def)             Requested size: 152.6347pt x 114.47603pt.
<poisson_F60.png, id=907, 462.528pt x 346.896pt>
File: poisson_F60.png Graphic file (type png)
<use poisson_F60.png>
Package pdftex.def Info: poisson_F60.png  used on input line 388.
(pdftex.def)             Requested size: 152.6347pt x 114.47603pt.
<poisson_F100.png, id=908, 462.528pt x 346.896pt>
File: poisson_F100.png Graphic file (type png)
<use poisson_F100.png>
Package pdftex.def Info: poisson_F100.png  used on input line 389.
(pdftex.def)             Requested size: 152.6347pt x 114.47603pt.
 [19pdfTeX warning (ext4): destination with the same identifier (name{figure.11
}) has been already used, duplicate ignored
<argument> ...shipout:D \box_use:N \l_shipout_box 
                                                  \__shipout_drop_firstpage_...
l.393 
      pdfTeX warning (ext4): destination with the same identifier (name{figure.
12}) has been already used, duplicate ignored
<argument> ...shipout:D \box_use:N \l_shipout_box 
                                                  \__shipout_drop_firstpage_...
l.393 
      pdfTeX warning (ext4): destination with the same identifier (name{figure.
13}) has been already used, duplicate ignored
<argument> ...shipout:D \box_use:N \l_shipout_box 
                                                  \__shipout_drop_firstpage_...
l.393 
       <./normal_F20.png> <./normal_F60.png> <./normal_F100.png> <./cauchy_F20.
png> <./cauchy_F60.png> <./cauchy_F100.png> <./laplace_F20.png> <./laplace_F60.
png> <./laplace_F100.png>]
<uniform_F20.png, id=922, 462.528pt x 346.896pt>
File: uniform_F20.png Graphic file (type png)
<use uniform_F20.png>
Package pdftex.def Info: uniform_F20.png  used on input line 397.
(pdftex.def)             Requested size: 152.6347pt x 114.47603pt.
<uniform_F60.png, id=923, 462.528pt x 346.896pt>
File: uniform_F60.png Graphic file (type png)
<use uniform_F60.png>
Package pdftex.def Info: uniform_F60.png  used on input line 398.
(pdftex.def)             Requested size: 152.6347pt x 114.47603pt.
<uniform_F100.png, id=924, 462.528pt x 346.896pt>
File: uniform_F100.png Graphic file (type png)
<use uniform_F100.png>
Package pdftex.def Info: uniform_F100.png  used on input line 399.
(pdftex.def)             Requested size: 152.6347pt x 114.47603pt.

Underfull \hbox (badness 10000) in paragraph at lines 406--410

 []

<normal_n20_adjust0.5.png, id=925, 462.528pt x 346.896pt>
File: normal_n20_adjust0.5.png Graphic file (type png)
<use normal_n20_adjust0.5.png>
Package pdftex.def Info: normal_n20_adjust0.5.png  used on input line 413.
(pdftex.def)             Requested size: 152.6347pt x 114.47603pt.
<normal_n20_adjust1.png, id=926, 462.528pt x 346.896pt>
File: normal_n20_adjust1.png Graphic file (type png)
<use normal_n20_adjust1.png>
Package pdftex.def Info: normal_n20_adjust1.png  used on input line 414.
(pdftex.def)             Requested size: 152.6347pt x 114.47603pt.
<normal_n20_adjust2.png, id=927, 462.528pt x 346.896pt>
File: normal_n20_adjust2.png Graphic file (type png)
<use normal_n20_adjust2.png>
Package pdftex.def Info: normal_n20_adjust2.png  used on input line 415.
(pdftex.def)             Requested size: 152.6347pt x 114.47603pt.
<normal_n60_adjust0.5.png, id=928, 462.528pt x 346.896pt>
File: normal_n60_adjust0.5.png Graphic file (type png)
<use normal_n60_adjust0.5.png>
Package pdftex.def Info: normal_n60_adjust0.5.png  used on input line 422.
(pdftex.def)             Requested size: 152.6347pt x 114.47603pt.
<normal_n60_adjust1.png, id=929, 462.528pt x 346.896pt>
File: normal_n60_adjust1.png Graphic file (type png)
<use normal_n60_adjust1.png>
Package pdftex.def Info: normal_n60_adjust1.png  used on input line 423.
(pdftex.def)             Requested size: 152.6347pt x 114.47603pt.
<normal_n60_adjust2.png, id=930, 462.528pt x 346.896pt>
File: normal_n60_adjust2.png Graphic file (type png)
<use normal_n60_adjust2.png>
Package pdftex.def Info: normal_n60_adjust2.png  used on input line 424.
(pdftex.def)             Requested size: 152.6347pt x 114.47603pt.
[20pdfTeX warning (ext4): destination with the same identifier (name{figure.14}
) has been already used, duplicate ignored
<argument> ...shipout:D \box_use:N \l_shipout_box 
                                                  \__shipout_drop_firstpage_...
l.428 
      pdfTeX warning (ext4): destination with the same identifier (name{figure.
15}) has been already used, duplicate ignored
<argument> ...shipout:D \box_use:N \l_shipout_box 
                                                  \__shipout_drop_firstpage_...
l.428 
      pdfTeX warning (ext4): destination with the same identifier (name{figure.
16}) has been already used, duplicate ignored
<argument> ...shipout:D \box_use:N \l_shipout_box 
                                                  \__shipout_drop_firstpage_...
l.428 
       <./poisson_F20.png> <./poisson_F60.png> <./poisson_F100.png> <./uniform_
F20.png> <./uniform_F60.png> <./uniform_F100.png> <./normal_n20_adjust0.5.png> 
<./normal_n20_adjust1.png> <./normal_n20_adjust2.png>]
<normal_n100_adjust0.5.png, id=944, 462.528pt x 346.896pt>
File: normal_n100_adjust0.5.png Graphic file (type png)
<use normal_n100_adjust0.5.png>
Package pdftex.def Info: normal_n100_adjust0.5.png  used on input line 431.
(pdftex.def)             Requested size: 152.6347pt x 114.47603pt.
<normal_n100_adjust1.png, id=945, 462.528pt x 346.896pt>
File: normal_n100_adjust1.png Graphic file (type png)
<use normal_n100_adjust1.png>
Package pdftex.def Info: normal_n100_adjust1.png  used on input line 432.
(pdftex.def)             Requested size: 152.6347pt x 114.47603pt.
<normal_n100_adjust2.png, id=946, 462.528pt x 346.896pt>
File: normal_n100_adjust2.png Graphic file (type png)
<use normal_n100_adjust2.png>
Package pdftex.def Info: normal_n100_adjust2.png  used on input line 433.
(pdftex.def)             Requested size: 152.6347pt x 114.47603pt.
<cauchy_n20_adjust0.5.png, id=947, 462.528pt x 346.896pt>
File: cauchy_n20_adjust0.5.png Graphic file (type png)
<use cauchy_n20_adjust0.5.png>
Package pdftex.def Info: cauchy_n20_adjust0.5.png  used on input line 441.
(pdftex.def)             Requested size: 152.6347pt x 114.47603pt.
<cauchy_n20_adjust1.png, id=948, 462.528pt x 346.896pt>
File: cauchy_n20_adjust1.png Graphic file (type png)
<use cauchy_n20_adjust1.png>
Package pdftex.def Info: cauchy_n20_adjust1.png  used on input line 442.
(pdftex.def)             Requested size: 152.6347pt x 114.47603pt.
<cauchy_n20_adjust2.png, id=949, 462.528pt x 346.896pt>
File: cauchy_n20_adjust2.png Graphic file (type png)
<use cauchy_n20_adjust2.png>
Package pdftex.def Info: cauchy_n20_adjust2.png  used on input line 443.
(pdftex.def)             Requested size: 152.6347pt x 114.47603pt.
<cauchy_n60_adjust0.5.png, id=950, 462.528pt x 346.896pt>
File: cauchy_n60_adjust0.5.png Graphic file (type png)
<use cauchy_n60_adjust0.5.png>
Package pdftex.def Info: cauchy_n60_adjust0.5.png  used on input line 450.
(pdftex.def)             Requested size: 152.6347pt x 114.47603pt.
<cauchy_n60_adjust1.png, id=951, 462.528pt x 346.896pt>
File: cauchy_n60_adjust1.png Graphic file (type png)
<use cauchy_n60_adjust1.png>
Package pdftex.def Info: cauchy_n60_adjust1.png  used on input line 451.
(pdftex.def)             Requested size: 152.6347pt x 114.47603pt.
<cauchy_n60_adjust2.png, id=952, 462.528pt x 346.896pt>
File: cauchy_n60_adjust2.png Graphic file (type png)
<use cauchy_n60_adjust2.png>
Package pdftex.def Info: cauchy_n60_adjust2.png  used on input line 452.
(pdftex.def)             Requested size: 152.6347pt x 114.47603pt.
 [21pdfTeX warning (ext4): destination with the same identifier (name{figure.17
}) has been already used, duplicate ignored
<argument> ...shipout:D \box_use:N \l_shipout_box 
                                                  \__shipout_drop_firstpage_...
l.456 
      pdfTeX warning (ext4): destination with the same identifier (name{figure.
18}) has been already used, duplicate ignored
<argument> ...shipout:D \box_use:N \l_shipout_box 
                                                  \__shipout_drop_firstpage_...
l.456 
      pdfTeX warning (ext4): destination with the same identifier (name{figure.
19}) has been already used, duplicate ignored
<argument> ...shipout:D \box_use:N \l_shipout_box 
                                                  \__shipout_drop_firstpage_...
l.456 
       <./normal_n60_adjust0.5.png> <./normal_n60_adjust1.png> <./normal_n60_ad
just2.png> <./normal_n100_adjust0.5.png> <./normal_n100_adjust1.png> <./normal_
n100_adjust2.png> <./cauchy_n20_adjust0.5.png> <./cauchy_n20_adjust1.png> <./ca
uchy_n20_adjust2.png>]
<cauchy_n100_adjust0.5.png, id=966, 462.528pt x 346.896pt>
File: cauchy_n100_adjust0.5.png Graphic file (type png)
<use cauchy_n100_adjust0.5.png>
Package pdftex.def Info: cauchy_n100_adjust0.5.png  used on input line 459.
(pdftex.def)             Requested size: 152.6347pt x 114.47603pt.
<cauchy_n100_adjust1.png, id=967, 462.528pt x 346.896pt>
File: cauchy_n100_adjust1.png Graphic file (type png)
<use cauchy_n100_adjust1.png>
Package pdftex.def Info: cauchy_n100_adjust1.png  used on input line 460.
(pdftex.def)             Requested size: 152.6347pt x 114.47603pt.
<cauchy_n100_adjust2.png, id=968, 462.528pt x 346.896pt>
File: cauchy_n100_adjust2.png Graphic file (type png)
<use cauchy_n100_adjust2.png>
Package pdftex.def Info: cauchy_n100_adjust2.png  used on input line 461.
(pdftex.def)             Requested size: 152.6347pt x 114.47603pt.
<laplace_n20_adjust0.5.png, id=969, 462.528pt x 346.896pt>
File: laplace_n20_adjust0.5.png Graphic file (type png)
<use laplace_n20_adjust0.5.png>
Package pdftex.def Info: laplace_n20_adjust0.5.png  used on input line 468.
(pdftex.def)             Requested size: 152.6347pt x 114.47603pt.
<laplace_n20_adjust1.png, id=970, 462.528pt x 346.896pt>
File: laplace_n20_adjust1.png Graphic file (type png)
<use laplace_n20_adjust1.png>
Package pdftex.def Info: laplace_n20_adjust1.png  used on input line 469.
(pdftex.def)             Requested size: 152.6347pt x 114.47603pt.
<laplace_n20_adjust2.png, id=971, 462.528pt x 346.896pt>
File: laplace_n20_adjust2.png Graphic file (type png)
<use laplace_n20_adjust2.png>
Package pdftex.def Info: laplace_n20_adjust2.png  used on input line 470.
(pdftex.def)             Requested size: 152.6347pt x 114.47603pt.
<laplace_n60_adjust0.5.png, id=972, 462.528pt x 346.896pt>
File: laplace_n60_adjust0.5.png Graphic file (type png)
<use laplace_n60_adjust0.5.png>
Package pdftex.def Info: laplace_n60_adjust0.5.png  used on input line 477.
(pdftex.def)             Requested size: 152.6347pt x 114.47603pt.
<laplace_n60_adjust1.png, id=973, 462.528pt x 346.896pt>
File: laplace_n60_adjust1.png Graphic file (type png)
<use laplace_n60_adjust1.png>
Package pdftex.def Info: laplace_n60_adjust1.png  used on input line 478.
(pdftex.def)             Requested size: 152.6347pt x 114.47603pt.
<laplace_n60_adjust2.png, id=974, 462.528pt x 346.896pt>
File: laplace_n60_adjust2.png Graphic file (type png)
<use laplace_n60_adjust2.png>
Package pdftex.def Info: laplace_n60_adjust2.png  used on input line 479.
(pdftex.def)             Requested size: 152.6347pt x 114.47603pt.
 [22pdfTeX warning (ext4): destination with the same identifier (name{figure.20
}) has been already used, duplicate ignored
<argument> ...shipout:D \box_use:N \l_shipout_box 
                                                  \__shipout_drop_firstpage_...
l.483 
      pdfTeX warning (ext4): destination with the same identifier (name{figure.
21}) has been already used, duplicate ignored
<argument> ...shipout:D \box_use:N \l_shipout_box 
                                                  \__shipout_drop_firstpage_...
l.483 
      pdfTeX warning (ext4): destination with the same identifier (name{figure.
22}) has been already used, duplicate ignored
<argument> ...shipout:D \box_use:N \l_shipout_box 
                                                  \__shipout_drop_firstpage_...
l.483 
       <./cauchy_n60_adjust0.5.png> <./cauchy_n60_adjust1.png> <./cauchy_n60_ad
just2.png> <./cauchy_n100_adjust0.5.png> <./cauchy_n100_adjust1.png> <./cauchy_
n100_adjust2.png> <./laplace_n20_adjust0.5.png> <./laplace_n20_adjust1.png> <./
laplace_n20_adjust2.png>]
<laplace_n100_adjust0.5.png, id=988, 462.528pt x 346.896pt>
File: laplace_n100_adjust0.5.png Graphic file (type png)
<use laplace_n100_adjust0.5.png>
Package pdftex.def Info: laplace_n100_adjust0.5.png  used on input line 486.
(pdftex.def)             Requested size: 152.6347pt x 114.47603pt.
<laplace_n100_adjust1.png, id=989, 462.528pt x 346.896pt>
File: laplace_n100_adjust1.png Graphic file (type png)
<use laplace_n100_adjust1.png>
Package pdftex.def Info: laplace_n100_adjust1.png  used on input line 487.
(pdftex.def)             Requested size: 152.6347pt x 114.47603pt.
<laplace_n100_adjust2.png, id=990, 462.528pt x 346.896pt>
File: laplace_n100_adjust2.png Graphic file (type png)
<use laplace_n100_adjust2.png>
Package pdftex.def Info: laplace_n100_adjust2.png  used on input line 488.
(pdftex.def)             Requested size: 152.6347pt x 114.47603pt.
<poisson_n20_adjust0.5.png, id=991, 462.528pt x 346.896pt>
File: poisson_n20_adjust0.5.png Graphic file (type png)
<use poisson_n20_adjust0.5.png>
Package pdftex.def Info: poisson_n20_adjust0.5.png  used on input line 495.
(pdftex.def)             Requested size: 152.6347pt x 114.47603pt.
<poisson_n20_adjust1.png, id=992, 462.528pt x 346.896pt>
File: poisson_n20_adjust1.png Graphic file (type png)
<use poisson_n20_adjust1.png>
Package pdftex.def Info: poisson_n20_adjust1.png  used on input line 496.
(pdftex.def)             Requested size: 152.6347pt x 114.47603pt.
<poisson_n20_adjust2.png, id=993, 462.528pt x 346.896pt>
File: poisson_n20_adjust2.png Graphic file (type png)
<use poisson_n20_adjust2.png>
Package pdftex.def Info: poisson_n20_adjust2.png  used on input line 497.
(pdftex.def)             Requested size: 152.6347pt x 114.47603pt.
<poisson_n60_adjust0.5.png, id=994, 462.528pt x 346.896pt>
File: poisson_n60_adjust0.5.png Graphic file (type png)
<use poisson_n60_adjust0.5.png>
Package pdftex.def Info: poisson_n60_adjust0.5.png  used on input line 504.
(pdftex.def)             Requested size: 152.6347pt x 114.47603pt.
<poisson_n60_adjust1.png, id=995, 462.528pt x 346.896pt>
File: poisson_n60_adjust1.png Graphic file (type png)
<use poisson_n60_adjust1.png>
Package pdftex.def Info: poisson_n60_adjust1.png  used on input line 505.
(pdftex.def)             Requested size: 152.6347pt x 114.47603pt.
<poisson_n60_adjust2.png, id=996, 462.528pt x 346.896pt>
File: poisson_n60_adjust2.png Graphic file (type png)
<use poisson_n60_adjust2.png>
Package pdftex.def Info: poisson_n60_adjust2.png  used on input line 506.
(pdftex.def)             Requested size: 152.6347pt x 114.47603pt.
 [23pdfTeX warning (ext4): destination with the same identifier (name{figure.23
}) has been already used, duplicate ignored
<argument> ...shipout:D \box_use:N \l_shipout_box 
                                                  \__shipout_drop_firstpage_...
l.510 
      pdfTeX warning (ext4): destination with the same identifier (name{figure.
24}) has been already used, duplicate ignored
<argument> ...shipout:D \box_use:N \l_shipout_box 
                                                  \__shipout_drop_firstpage_...
l.510 
      pdfTeX warning (ext4): destination with the same identifier (name{figure.
25}) has been already used, duplicate ignored
<argument> ...shipout:D \box_use:N \l_shipout_box 
                                                  \__shipout_drop_firstpage_...
l.510 
       <./laplace_n60_adjust0.5.png> <./laplace_n60_adjust1.png> <./laplace_n60
_adjust2.png> <./laplace_n100_adjust0.5.png> <./laplace_n100_adjust1.png> <./la
place_n100_adjust2.png> <./poisson_n20_adjust0.5.png> <./poisson_n20_adjust1.pn
g> <./poisson_n20_adjust2.png>]
<poisson_n100_adjust0.5.png, id=1010, 462.528pt x 346.896pt>
File: poisson_n100_adjust0.5.png Graphic file (type png)
<use poisson_n100_adjust0.5.png>
Package pdftex.def Info: poisson_n100_adjust0.5.png  used on input line 513.
(pdftex.def)             Requested size: 152.6347pt x 114.47603pt.
<poisson_n100_adjust1.png, id=1011, 462.528pt x 346.896pt>
File: poisson_n100_adjust1.png Graphic file (type png)
<use poisson_n100_adjust1.png>
Package pdftex.def Info: poisson_n100_adjust1.png  used on input line 514.
(pdftex.def)             Requested size: 152.6347pt x 114.47603pt.
<poisson_n100_adjust2.png, id=1012, 462.528pt x 346.896pt>
File: poisson_n100_adjust2.png Graphic file (type png)
<use poisson_n100_adjust2.png>
Package pdftex.def Info: poisson_n100_adjust2.png  used on input line 515.
(pdftex.def)             Requested size: 152.6347pt x 114.47603pt.
<uniform_n20_adjust0.5.png, id=1013, 462.528pt x 346.896pt>
File: uniform_n20_adjust0.5.png Graphic file (type png)
<use uniform_n20_adjust0.5.png>
Package pdftex.def Info: uniform_n20_adjust0.5.png  used on input line 523.
(pdftex.def)             Requested size: 152.6347pt x 114.47603pt.
<uniform_n20_adjust1.png, id=1014, 462.528pt x 346.896pt>
File: uniform_n20_adjust1.png Graphic file (type png)
<use uniform_n20_adjust1.png>
Package pdftex.def Info: uniform_n20_adjust1.png  used on input line 524.
(pdftex.def)             Requested size: 152.6347pt x 114.47603pt.
<uniform_n20_adjust2.png, id=1015, 462.528pt x 346.896pt>
File: uniform_n20_adjust2.png Graphic file (type png)
<use uniform_n20_adjust2.png>
Package pdftex.def Info: uniform_n20_adjust2.png  used on input line 525.
(pdftex.def)             Requested size: 152.6347pt x 114.47603pt.
<uniform_n60_adjust0.5.png, id=1016, 462.528pt x 346.896pt>
File: uniform_n60_adjust0.5.png Graphic file (type png)
<use uniform_n60_adjust0.5.png>
Package pdftex.def Info: uniform_n60_adjust0.5.png  used on input line 532.
(pdftex.def)             Requested size: 152.6347pt x 114.47603pt.
<uniform_n60_adjust1.png, id=1017, 462.528pt x 346.896pt>
File: uniform_n60_adjust1.png Graphic file (type png)
<use uniform_n60_adjust1.png>
Package pdftex.def Info: uniform_n60_adjust1.png  used on input line 533.
(pdftex.def)             Requested size: 152.6347pt x 114.47603pt.
<uniform_n60_adjust2.png, id=1018, 462.528pt x 346.896pt>
File: uniform_n60_adjust2.png Graphic file (type png)
<use uniform_n60_adjust2.png>
Package pdftex.def Info: uniform_n60_adjust2.png  used on input line 534.
(pdftex.def)             Requested size: 152.6347pt x 114.47603pt.
 [24pdfTeX warning (ext4): destination with the same identifier (name{figure.26
}) has been already used, duplicate ignored
<argument> ...shipout:D \box_use:N \l_shipout_box 
                                                  \__shipout_drop_firstpage_...
l.538 
      pdfTeX warning (ext4): destination with the same identifier (name{figure.
27}) has been already used, duplicate ignored
<argument> ...shipout:D \box_use:N \l_shipout_box 
                                                  \__shipout_drop_firstpage_...
l.538 
      pdfTeX warning (ext4): destination with the same identifier (name{figure.
28}) has been already used, duplicate ignored
<argument> ...shipout:D \box_use:N \l_shipout_box 
                                                  \__shipout_drop_firstpage_...
l.538 
       <./poisson_n60_adjust0.5.png> <./poisson_n60_adjust1.png> <./poisson_n60
_adjust2.png> <./poisson_n100_adjust0.5.png> <./poisson_n100_adjust1.png> <./po
isson_n100_adjust2.png> <./uniform_n20_adjust0.5.png> <./uniform_n20_adjust1.pn
g> <./uniform_n20_adjust2.png>]
<uniform_n100_adjust0.5.png, id=1033, 462.528pt x 346.896pt>
File: uniform_n100_adjust0.5.png Graphic file (type png)
<use uniform_n100_adjust0.5.png>
Package pdftex.def Info: uniform_n100_adjust0.5.png  used on input line 541.
(pdftex.def)             Requested size: 152.6347pt x 114.47603pt.
<uniform_n100_adjust1.png, id=1034, 462.528pt x 346.896pt>
File: uniform_n100_adjust1.png Graphic file (type png)
<use uniform_n100_adjust1.png>
Package pdftex.def Info: uniform_n100_adjust1.png  used on input line 542.
(pdftex.def)             Requested size: 152.6347pt x 114.47603pt.
<uniform_n100_adjust2.png, id=1035, 462.528pt x 346.896pt>
File: uniform_n100_adjust2.png Graphic file (type png)
<use uniform_n100_adjust2.png>
Package pdftex.def Info: uniform_n100_adjust2.png  used on input line 543.
(pdftex.def)             Requested size: 152.6347pt x 114.47603pt.
) [25pdfTeX warning (ext4): destination with the same identifier (name{figure.2
9}) has been already used, duplicate ignored
<argument> ...shipout:D \box_use:N \l_shipout_box 
                                                  \__shipout_drop_firstpage_...
l.31 \newpage
             pdfTeX warning (ext4): destination with the same identifier (name{
figure.30}) has been already used, duplicate ignored
<argument> ...shipout:D \box_use:N \l_shipout_box 
                                                  \__shipout_drop_firstpage_...
l.31 \newpage
              <./uniform_n60_adjust0.5.png> <./uniform_n60_adjust1.png> <./unif
orm_n60_adjust2.png> <./uniform_n100_adjust0.5.png> <./uniform_n100_adjust1.png
> <./uniform_n100_adjust2.png>] (discussion.tex) [26] [27] (report1.aux)
Package rerunfilecheck Info: File `report1.out' has not changed.
(rerunfilecheck)             Checksum: D278F0EC53205B39818C1A43586B1EC1;8222.
 ) 
Here is how much of TeX's memory you used:
 15485 strings out of 478864
 225527 string characters out of 2849134
 753355 words of memory out of 3000000
 32932 multiletter control sequences out of 15000+600000
 411778 words of font info for 40 fonts, out of 8000000 for 9000
 1141 hyphenation exceptions out of 8191
 65i,13n,69p,1107b,681s stack positions out of 5000i,500n,10000p,200000b,80000s
 <C:\Users\Acer\AppData\Local\MiKTeX\fonts/pk/ljfour/lh/lh-t2a/dpi600\latt100
0.pk> <C:\Users\Acer\AppData\Local\MiKTeX\fonts/pk/ljfour/lh/lh-t2a/dpi600\larm
0700.pk> <C:\Users\Acer\AppData\Local\MiKTeX\fonts/pk/ljfour/lh/lh-t2a/dpi600\l
abx1200.pk> <C:\Users\Acer\AppData\Local\MiKTeX\fonts/pk/ljfour/jknappen/ec/dpi
600\tcrm1000.pk> <C:\Users\Acer\AppData\Local\MiKTeX\fonts/pk/ljfour/lh/lh-t2a/
dpi600\labx1440.pk> <C:\Users\Acer\AppData\Local\MiKTeX\fonts/pk/ljfour/lh/lh-t
2a/dpi600\larm1000.pk> <C:\Users\Acer\AppData\Local\MiKTeX\fonts/pk/ljfour/lh/l
h-t2a/dpi600\labx1000.pk> <C:\Users\Acer\AppData\Local\MiKTeX\fonts/pk/ljfour/l
h/lh-t2a/dpi600\lacc1000.pk><C:/Users/Acer/AppData/Local/Programs/MiKTeX/fonts/
type1/public/amsfonts/cm/cmex10.pfb><C:/Users/Acer/AppData/Local/Programs/MiKTe
X/fonts/type1/public/amsfonts/cm/cmmi10.pfb><C:/Users/Acer/AppData/Local/Progra
ms/MiKTeX/fonts/type1/public/amsfonts/cm/cmmi5.pfb><C:/Users/Acer/AppData/Local
/Programs/MiKTeX/fonts/type1/public/amsfonts/cm/cmmi7.pfb><C:/Users/Acer/AppDat
a/Local/Programs/MiKTeX/fonts/type1/public/amsfonts/cm/cmr10.pfb><C:/Users/Acer
/AppData/Local/Programs/MiKTeX/fonts/type1/public/amsfonts/cm/cmr5.pfb><C:/User
s/Acer/AppData/Local/Programs/MiKTeX/fonts/type1/public/amsfonts/cm/cmr7.pfb><C
:/Users/Acer/AppData/Local/Programs/MiKTeX/fonts/type1/public/amsfonts/cm/cmsy1
0.pfb><C:/Users/Acer/AppData/Local/Programs/MiKTeX/fonts/type1/public/amsfonts/
cm/cmsy7.pfb>
Output written on report1.pdf (28 pages, 1780119 bytes).
PDF statistics:
 1450 PDF objects out of 1728 (max. 8388607)
 139 named destinations out of 1000 (max. 500000)
 701 words of extra memory for PDF output out of 10000 (max. 10000000)

